I [/home/eriks972/mako/src/deptran/paxos_main_helper.cc:78] 2025-12-14 14:34:07.687 | PWD : /home/eriks972/mako
I [/home/eriks972/mako/src/deptran/paxos_main_helper.cc:276] 2025-12-14 14:34:07.687 | starting process 2515
I [/home/eriks972/mako/src/deptran/config.cc:290] 2025-12-14 14:34:07.688 | LoadYML: /home/eriks972/mako/examples/../config/1leader_2followers/paxos3_shardidx0.yml
I [/home/eriks972/mako/src/deptran/config.cc:290] 2025-12-14 14:34:07.693 | LoadYML: /home/eriks972/mako/examples/../config/occ_paxos.yml
I [/home/eriks972/mako/src/deptran/paxos_main_helper.cc:285] 2025-12-14 14:34:07.694 | server_infos, number of sites: 3, proc_name: localhost
I [/home/eriks972/mako/src/deptran/paxos_main_helper.cc:291] 2025-12-14 14:34:07.890 | parition id of each Paxos group is 2, site-name: s103, site-id: 8
I [/home/eriks972/mako/src/deptran/paxos_main_helper.cc:291] 2025-12-14 14:34:08.084 | parition id of each Paxos group is 1, site-name: s102, site-id: 4
I [/home/eriks972/mako/src/deptran/paxos_main_helper.cc:291] 2025-12-14 14:34:08.273 | parition id of each Paxos group is 0, site-name: s101, site-id: 0
I [/home/eriks972/mako/src/deptran/paxos_main_helper.cc:297] 2025-12-14 14:34:08.273 | running machine-id: 0
I [/home/eriks972/mako/src/deptran/paxos_main_helper.cc:92] 2025-12-14 14:34:08.275 | launching site: 0, bind address 0.0.0.0:17001
I [/home/eriks972/mako/src/deptran/paxos_main_helper.cc:92] 2025-12-14 14:34:08.276 | launching site: 4, bind address 0.0.0.0:17002
I [/home/eriks972/mako/src/deptran/paxos_main_helper.cc:106] 2025-12-14 14:34:08.276 | waiting for server setup threads.
I [/home/eriks972/mako/src/deptran/paxos_main_helper.cc:92] 2025-12-14 14:34:08.276 | launching site: 8, bind address 0.0.0.0:17003
I [/home/eriks972/mako/src/deptran/paxos_worker.cc:198] 2025-12-14 14:34:08.280 | [service]loc_id: 0, name: s101, proc: localhost, id: 0
starting server at 0.0.0.0:17001
I [/home/eriks972/mako/src/deptran/paxos_worker.cc:198] 2025-12-14 14:34:08.282 | [service]loc_id: 0, name: s103, proc: localhost, id: 8
I [/home/eriks972/mako/src/deptran/paxos_worker.cc:198] 2025-12-14 14:34:08.282 | [service]loc_id: 0, name: s102, proc: localhost, id: 4
I [/home/eriks972/mako/src/deptran/paxos_worker.cc:221] 2025-12-14 14:34:08.283 | Server s101 ready at 0.0.0.0:17001
I [/home/eriks972/mako/src/deptran/communicator.cc:14] 2025-12-14 14:34:08.283 | setup paxos communicator
starting server at 0.0.0.0:17003
I [/home/eriks972/mako/src/deptran/paxos_worker.cc:221] 2025-12-14 14:34:08.284 | Server s103 ready at 0.0.0.0:17003
I [/home/eriks972/mako/src/deptran/communicator.cc:14] 2025-12-14 14:34:08.284 | setup paxos communicator
I [/home/eriks972/mako/src/deptran/communicator.cc:175] 2025-12-14 14:34:08.284 | connect to site: 127.0.0.1:17001 (attempt 0)
starting server at 0.0.0.0:17002
I [/home/eriks972/mako/src/deptran/paxos_worker.cc:221] 2025-12-14 14:34:08.285 | Server s102 ready at 0.0.0.0:17002
I [/home/eriks972/mako/src/deptran/communicator.cc:14] 2025-12-14 14:34:08.285 | setup paxos communicator
I [/home/eriks972/mako/src/deptran/communicator.cc:175] 2025-12-14 14:34:08.285 | connect to site: 127.0.0.1:17001 (attempt 0)
I [/home/eriks972/mako/src/deptran/communicator.cc:175] 2025-12-14 14:34:08.285 | connect to site: 127.0.0.1:17001 (attempt 0)
I [/home/eriks972/mako/src/deptran/communicator.cc:175] 2025-12-14 14:34:08.286 | connect to site: 127.0.0.1:17101 (attempt 0)
I [/home/eriks972/mako/src/deptran/communicator.cc:175] 2025-12-14 14:34:08.286 | connect to site: 127.0.0.1:17101 (attempt 0)
I [/home/eriks972/mako/src/deptran/communicator.cc:175] 2025-12-14 14:34:08.286 | connect to site: 127.0.0.1:17101 (attempt 0)
I [/home/eriks972/mako/src/deptran/communicator.cc:175] 2025-12-14 14:34:08.286 | connect to site: 127.0.0.1:17201 (attempt 0)
I [/home/eriks972/mako/src/deptran/communicator.cc:175] 2025-12-14 14:34:08.287 | connect to site: 127.0.0.1:17201 (attempt 0)
I [/home/eriks972/mako/src/deptran/communicator.cc:175] 2025-12-14 14:34:08.288 | connect to site: 127.0.0.1:17201 (attempt 0)
I [/home/eriks972/mako/src/deptran/communicator.cc:175] 2025-12-14 14:34:08.288 | connect to site: 127.0.0.1:17301 (attempt 0)
I [/home/eriks972/mako/src/deptran/communicator.cc:175] 2025-12-14 14:34:08.288 | connect to site: 127.0.0.1:17301 (attempt 0)
I [/home/eriks972/mako/src/deptran/communicator.cc:175] 2025-12-14 14:34:08.288 | connect to site: 127.0.0.1:17002 (attempt 0)
I [/home/eriks972/mako/src/deptran/communicator.cc:175] 2025-12-14 14:34:08.288 | connect to site: 127.0.0.1:17002 (attempt 0)
I [/home/eriks972/mako/src/deptran/communicator.cc:175] 2025-12-14 14:34:08.289 | connect to site: 127.0.0.1:17301 (attempt 0)
I [/home/eriks972/mako/src/deptran/communicator.cc:175] 2025-12-14 14:34:08.289 | connect to site: 127.0.0.1:17102 (attempt 0)
I [/home/eriks972/mako/src/deptran/communicator.cc:175] 2025-12-14 14:34:08.289 | connect to site: 127.0.0.1:17102 (attempt 0)
I [/home/eriks972/mako/src/deptran/communicator.cc:175] 2025-12-14 14:34:08.289 | connect to site: 127.0.0.1:17002 (attempt 0)
I [/home/eriks972/mako/src/deptran/communicator.cc:175] 2025-12-14 14:34:08.290 | connect to site: 127.0.0.1:17202 (attempt 0)
I [/home/eriks972/mako/src/deptran/communicator.cc:175] 2025-12-14 14:34:08.290 | connect to site: 127.0.0.1:17202 (attempt 0)
I [/home/eriks972/mako/src/deptran/communicator.cc:175] 2025-12-14 14:34:08.290 | connect to site: 127.0.0.1:17302 (attempt 0)
I [/home/eriks972/mako/src/deptran/communicator.cc:175] 2025-12-14 14:34:08.291 | connect to site: 127.0.0.1:17302 (attempt 0)
I [/home/eriks972/mako/src/deptran/communicator.cc:175] 2025-12-14 14:34:08.291 | connect to site: 127.0.0.1:17102 (attempt 0)
I [/home/eriks972/mako/src/deptran/communicator.cc:175] 2025-12-14 14:34:08.291 | connect to site: 127.0.0.1:17003 (attempt 0)
I [/home/eriks972/mako/src/deptran/communicator.cc:175] 2025-12-14 14:34:08.292 | connect to site: 127.0.0.1:17103 (attempt 0)
I [/home/eriks972/mako/src/deptran/communicator.cc:175] 2025-12-14 14:34:08.292 | connect to site: 127.0.0.1:17003 (attempt 0)
I [/home/eriks972/mako/src/deptran/communicator.cc:175] 2025-12-14 14:34:08.292 | connect to site: 127.0.0.1:17203 (attempt 0)
I [/home/eriks972/mako/src/deptran/communicator.cc:175] 2025-12-14 14:34:08.292 | connect to site: 127.0.0.1:17202 (attempt 0)
I [/home/eriks972/mako/src/deptran/communicator.cc:175] 2025-12-14 14:34:08.293 | connect to site: 127.0.0.1:17303 (attempt 0)
I [/home/eriks972/mako/src/deptran/communicator.cc:175] 2025-12-14 14:34:08.293 | connect to site: 127.0.0.1:17103 (attempt 0)
I [/home/eriks972/mako/src/deptran/communicator.cc:175] 2025-12-14 14:34:08.293 | connect to site: 127.0.0.1:17302 (attempt 0)
I [/home/eriks972/mako/src/deptran/communicator.cc:175] 2025-12-14 14:34:08.293 | connect to site: 127.0.0.1:17203 (attempt 0)
I [/home/eriks972/mako/src/deptran/communicator.cc:175] 2025-12-14 14:34:08.294 | connect to site: 127.0.0.1:17003 (attempt 0)
I [/home/eriks972/mako/src/deptran/communicator.cc:175] 2025-12-14 14:34:08.294 | connect to site: 127.0.0.1:17303 (attempt 0)
I [/home/eriks972/mako/src/deptran/paxos_main_helper.cc:103] 2025-12-14 14:34:08.295 | site 0 launched!
I [/home/eriks972/mako/src/deptran/communicator.cc:175] 2025-12-14 14:34:08.296 | connect to site: 127.0.0.1:17103 (attempt 0)
I [/home/eriks972/mako/src/deptran/paxos_main_helper.cc:103] 2025-12-14 14:34:08.296 | site 4 launched!
I [/home/eriks972/mako/src/deptran/communicator.cc:175] 2025-12-14 14:34:08.296 | connect to site: 127.0.0.1:17203 (attempt 0)
I [/home/eriks972/mako/src/deptran/communicator.cc:175] 2025-12-14 14:34:08.297 | connect to site: 127.0.0.1:17303 (attempt 0)
I [/home/eriks972/mako/src/deptran/paxos_main_helper.cc:103] 2025-12-14 14:34:08.298 | site 8 launched!
I [/home/eriks972/mako/src/deptran/paxos_main_helper.cc:110] 2025-12-14 14:34:08.299 | done waiting for server setup threads.
I [/home/eriks972/mako/src/deptran/paxos_worker.cc:255] 2025-12-14 14:34:08.300 | heartbeat setup for s101 on 0.0.0.0:27001
I [/home/eriks972/mako/src/deptran/paxos_worker.cc:255] 2025-12-14 14:34:08.302 | heartbeat setup for s102 on 0.0.0.0:27002
I [/home/eriks972/mako/src/deptran/paxos_worker.cc:255] 2025-12-14 14:34:08.306 | heartbeat setup for s103 on 0.0.0.0:27003
I [/home/eriks972/mako/src/deptran/paxos_main_helper.cc:117] 2025-12-14 14:34:08.306 | server workers' communicators setup
[LEADER DEBUG] Starting db_worker threads
[DB_WORKER DEBUG] Starting db_worker for par_id: 0
[DB_WORKER DEBUG] Starting db_worker for par_id: 2
[DB_WORKER DEBUG] Starting db_worker for par_id: 1
[DB_WORKER DEBUG] Calling add_log_to_nc for par_id: 0, size: 3083
[DB_WORKER DEBUG] Calling add_log_to_nc for par_id: [DB_WORKER DEBUG] Calling add_log_to_nc for par_id: 1, size: 3077
2, size: 3086
[DB_WORKER DEBUG] Calling add_log_to_nc for par_id: 0, size: 3015
[DB_WORKER DEBUG] Calling add_log_to_nc for par_id: 1, size: 3093
[DB_WORKER DEBUG] Calling add_log_to_nc for par_id: 2, size: 3035
[DB_WORKER DEBUG] Calling add_log_to_nc for par_id: 0, size: 3086
[DB_WORKER DEBUG] Calling add_log_to_nc for par_id: 1, size: 3092
[DB_WORKER DEBUG] Calling add_log_to_nc for par_id: 2, size: 3049
[DB_WORKER DEBUG] Calling add_log_to_nc for par_id: 0, size: [DB_WORKER DEBUG] Calling add_log_to_nc for par_id: 1, size: 3062
3021
[DB_WORKER DEBUG] Calling add_log_to_nc for par_id: 2, size: [DB_WORKER DEBUG] Calling add_log_to_nc for par_id: 0, size: 3090
3027
[DB_WORKER DEBUG] Calling add_log_to_nc for par_id: 1, size: 3059
[DB_WORKER DEBUG] Calling add_log_to_nc for par_id: 0, size: 3063
[DB_WORKER DEBUG] Calling add_log_to_nc for par_id: 2, size: 3026
[DB_WORKER DEBUG] Calling add_log_to_nc for par_id: 1, size: 3040
[DB_WORKER DEBUG] Calling add_log_to_nc for par_id: 0, size: 3026
[DB_WORKER DEBUG] Calling add_log_to_nc for par_id: 2, size: 3072
[DB_WORKER DEBUG] Calling add_log_to_nc for par_id: 1, size: 3036
[DB_WORKER DEBUG] Calling add_log_to_nc for par_id: 0, size: 3011
[DB_WORKER DEBUG] Calling add_log_to_nc for par_id: 2, size: 3068
[DB_WORKER DEBUG] Calling add_log_to_nc for par_id: 1, size: 3067
[DB_WORKER DEBUG] Calling add_log_to_nc for par_id: 0, size: 3029
[DB_WORKER DEBUG] Calling add_log_to_nc for par_id: 2, size: 3030
[DB_WORKER DEBUG] Calling add_log_to_nc for par_id: 1, size: 3082
[DB_WORKER DEBUG] Calling add_log_to_nc for par_id: 0, size: 3062
[DB_WORKER DEBUG] Calling add_log_to_nc for par_id: 1, size: 3023
[DB_WORKER DEBUG] Calling add_log_to_nc for par_id: 2, size: 3067
[DB_WORKER DEBUG] Calling add_log_to_nc for par_id: 0, size: 3035
[DB_WORKER DEBUG] Calling add_log_to_nc for par_id: 1, size: 3029
[DB_WORKER DEBUG] Calling add_log_to_nc for par_id: [DB_WORKER DEBUG] Calling add_log_to_nc for par_id: 0, size: 3022
2, size: 3002
[DB_WORKER DEBUG] Calling add_log_to_nc for par_id: 1, size: 3058
[DB_WORKER DEBUG] Calling add_log_to_nc for par_id: 0, size: 3069
[DB_WORKER DEBUG] Calling add_log_to_nc for par_id: 2, size: 3067
[DB_WORKER DEBUG] Calling add_log_to_nc for par_id: 1, size: 3093
[DB_WORKER DEBUG] Calling add_log_to_nc for par_id: 0, size: [DB_WORKER DEBUG] Calling add_log_to_nc for par_id: 1, size: [DB_WORKER DEBUG] Calling add_log_to_nc for par_id: 2, size: 3042
3056
3011
[DB_WORKER DEBUG] Calling add_log_to_nc for par_id: 2, size: 3029
[DB_WORKER DEBUG] Calling add_log_to_nc for par_id: 1[DB_WORKER DEBUG] Calling add_log_to_nc for par_id: 0, size: 3021
, size: 3073
[DB_WORKER DEBUG] Calling add_log_to_nc for par_id: 2, size: 3019
[DB_WORKER DEBUG] Calling add_log_to_nc for par_id: [DB_WORKER DEBUG] Calling add_log_to_nc for par_id: 1, size: 3037
0, size: 3084
[DB_WORKER DEBUG] Calling add_log_to_nc for par_id: 2, size: 3098
[DB_WORKER DEBUG] Calling add_log_to_nc for par_id: 0, size: 3024
[DB_WORKER DEBUG] Calling add_log_to_nc for par_id: 1, size: 3015
[DB_WORKER DEBUG] Calling add_log_to_nc for par_id: 2, size: 3070
[DB_WORKER DEBUG] Calling add_log_to_nc for par_id: 0, size: 3013
[DB_WORKER DEBUG] Calling add_log_to_nc for par_id: 1, size: 3026
[DB_WORKER DEBUG] Calling add_log_to_nc for par_id: 2, size: 3091
[DB_WORKER DEBUG] Calling add_log_to_nc for par_id: 0, size: 3080
[DB_WORKER DEBUG] Calling add_log_to_nc for par_id: 1, size: 3056
[DB_WORKER DEBUG] Calling add_log_to_nc for par_id: 2, size: 3073
[DB_WORKER DEBUG] Calling add_log_to_nc for par_id: 0, size: 3062
[DB_WORKER DEBUG] Calling add_log_to_nc for par_id: 1, size: 3070
[DB_WORKER DEBUG] Calling add_log_to_nc for par_id: 2, size: 3096
[DB_WORKER DEBUG] Calling add_log_to_nc for par_id: 1, size: 3081
[DB_WORKER DEBUG] Calling add_log_to_nc for par_id: 0, size: 3005
[DB_WORKER DEBUG] Calling add_log_to_nc for par_id: 2, size: 3025
[DB_WORKER DEBUG] Calling add_log_to_nc for par_id: 0, size: 3084
[DB_WORKER DEBUG] Calling add_log_to_nc for par_id: 1, size: 3027
[DB_WORKER DEBUG] Calling add_log_to_nc for par_id: 2, size: 3036
[DB_WORKER DEBUG] Calling add_log_to_nc for par_id: 0, size: 3005
[DB_WORKER DEBUG] Calling add_log_to_nc for par_id: 1, size: 3046
[DB_WORKER DEBUG] Calling add_log_to_nc for par_id: 2, size: 3029
[DB_WORKER DEBUG] Calling add_log_to_nc for par_id: 1, size: [DB_WORKER DEBUG] Calling add_log_to_nc for par_id: 0, size: 3013
3057
[DB_WORKER DEBUG] Calling add_log_to_nc for par_id: 2, size: 3024
[DB_WORKER DEBUG] Calling add_log_to_nc for par_id: 1, size: 3095
[DB_WORKER DEBUG] Calling add_log_to_nc for par_id: 0, size: 3082
[DB_WORKER DEBUG] Calling add_log_to_nc for par_id: 2, size: 3045
[DB_WORKER DEBUG] Calling add_log_to_nc for par_id: 1, size: 3014
[DB_WORKER DEBUG] Calling add_log_to_nc for par_id: 0, size: 3067
[DB_WORKER DEBUG] Calling add_log_to_nc for par_id: 2, size: 3034
[DB_WORKER DEBUG] Calling add_log_to_nc for par_id: 1, size: 3064
[DB_WORKER DEBUG] Calling add_log_to_nc for par_id: 0, size: 3043
[DB_WORKER DEBUG] Calling add_log_to_nc for par_id: 2, size: 3050
[DB_WORKER DEBUG] Calling add_log_to_nc for par_id: 1, size: 3087
[DB_WORKER DEBUG] Calling add_log_to_nc for par_id: 0, size: [DB_WORKER DEBUG] Calling add_log_to_nc for par_id: 23076
, size: 3008
[DB_WORKER DEBUG] Calling add_log_to_nc for par_id: 1, size: 3078
[DB_WORKER DEBUG] Calling add_log_to_nc for par_id: 2, size: 3088
[DB_WORKER DEBUG] Calling add_log_to_nc for par_id: 0, size: 3084
[DB_WORKER DEBUG] Calling add_log_to_nc for par_id: 1, size: 3003
[DB_WORKER DEBUG] Calling add_log_to_nc for par_id: 2, size: 3051
[DB_WORKER DEBUG] Calling add_log_to_nc for par_id: 0, size: 3054
[DB_WORKER DEBUG] Calling add_log_to_nc for par_id: 1, size: 3099
[DB_WORKER DEBUG] Calling add_log_to_nc for par_id: 2, size: 3032
[DB_WORKER DEBUG] Calling add_log_to_nc for par_id: 0, size: 3060
[DB_WORKER DEBUG] Calling add_log_to_nc for par_id: 1, size: 3076
[DB_WORKER DEBUG] Calling add_log_to_nc for par_id: 2, size: 3068
[DB_WORKER DEBUG] Calling add_log_to_nc for par_id: 0, size: 3039
[DB_WORKER DEBUG] Calling add_log_to_nc for par_id: 1, size: 3012
[DB_WORKER DEBUG] Calling add_log_to_nc for par_id: 2, size: 3026
[DB_WORKER DEBUG] Calling add_log_to_nc for par_id: 0, size: 3086
[DB_WORKER DEBUG] Calling add_log_to_nc for par_id: 1, size: 3094
[DB_WORKER DEBUG] Calling add_log_to_nc for par_id: 2, size: 3039
[DB_WORKER DEBUG] Calling add_log_to_nc for par_id: 0, size: 3095
[DB_WORKER DEBUG] Calling add_log_to_nc for par_id: 1, size: 3070
[DB_WORKER DEBUG] Calling add_log_to_nc for par_id: 0, size: 3034
[DB_WORKER DEBUG] Calling add_log_to_nc for par_id: 2, size: 3078
[DB_WORKER DEBUG] Calling add_log_to_nc for par_id: 1, size: 3067
[DB_WORKER DEBUG] Calling add_log_to_nc for par_id: 0, size: 3001
[DB_WORKER DEBUG] Calling add_log_to_nc for par_id: 2, size: 3097
[DB_WORKER DEBUG] Calling add_log_to_nc for par_id: 1, size: 3002
[DB_WORKER DEBUG] Calling add_log_to_nc for par_id: 0, size: 3017
[DB_WORKER DEBUG] Calling add_log_to_nc for par_id: 2, size: 3092
[DB_WORKER DEBUG] Calling add_log_to_nc for par_id: 1, size: 3052
[DB_WORKER DEBUG] Calling add_log_to_nc for par_id: 0, size: 3056
[DB_WORKER DEBUG] Calling add_log_to_nc for par_id: 2, size: 3001
[DB_WORKER DEBUG] Calling add_log_to_nc for par_id: 1, size: 3080
[DB_WORKER DEBUG] Calling add_log_to_nc for par_id: 0, size: 3086
[DB_WORKER DEBUG] Calling add_log_to_nc for par_id: 2, size: 3041
[DB_WORKER DEBUG] Calling add_log_to_nc for par_id: 1, size: 3065
[DB_WORKER DEBUG] Calling add_log_to_nc for par_id: 0, size: 3089
[DB_WORKER DEBUG] Calling add_log_to_nc for par_id: 2, size: 3044
[DB_WORKER DEBUG] Calling add_log_to_nc for par_id: 1, size: 3019
[DB_WORKER DEBUG] Calling add_log_to_nc for par_id: 0, size: 3040
[DB_WORKER DEBUG] Calling add_log_to_nc for par_id: 2, size: 3029
[DB_WORKER DEBUG] Calling add_log_to_nc for par_id: 1, size: 3031
[DB_WORKER DEBUG] Calling add_log_to_nc for par_id: 0, size: 3017
[DB_WORKER DEBUG] Calling add_log_to_nc for par_id: 2, size: 3097
[DB_WORKER DEBUG] Calling add_log_to_nc for par_id: 1, size: 3071
[DB_WORKER DEBUG] Calling add_log_to_nc for par_id: 0, size: 3081
[DB_WORKER DEBUG] Calling add_log_to_nc for par_id: 2, size: 3075
[DB_WORKER DEBUG] Calling add_log_to_nc for par_id: 1, size: 3009
[DB_WORKER DEBUG] Calling add_log_to_nc for par_id: 0, size: 3027
[DB_WORKER DEBUG] Calling add_log_to_nc for par_id: 2, size: 3067
[DB_WORKER DEBUG] Calling add_log_to_nc for par_id: 1, size: 3056
[DB_WORKER DEBUG] Calling add_log_to_nc for par_id: 0, size: 3097
[DB_WORKER DEBUG] Calling add_log_to_nc for par_id: 2, size: 3053
[DB_WORKER DEBUG] Calling add_log_to_nc for par_id: 1, size: 3065
[DB_WORKER DEBUG] Calling add_log_to_nc for par_id: 0, size: 3086
[DB_WORKER DEBUG] Calling add_log_to_nc for par_id: 2, size: 3006
[DB_WORKER DEBUG] Calling add_log_to_nc for par_id: 1, size: 3083
[DB_WORKER DEBUG] Calling add_log_to_nc for par_id: 0, size: 3019
[DB_WORKER DEBUG] Calling add_log_to_nc for par_id: 2, size: 3024
[DB_WORKER DEBUG] Calling add_log_to_nc for par_id: 1, size: 3028
[DB_WORKER DEBUG] Calling add_log_to_nc for par_id: 0, size: 3071
[DB_WORKER DEBUG] Calling add_log_to_nc for par_id: 2, size: 3032
[DB_WORKER DEBUG] Calling add_log_to_nc for par_id: 1, size: 3029
[DB_WORKER DEBUG] Calling add_log_to_nc for par_id: 0, size: 3003
[DB_WORKER DEBUG] Calling add_log_to_nc for par_id: 2, size: 3019
[DB_WORKER DEBUG] Calling add_log_to_nc for par_id: 1, size: 3070
[DB_WORKER DEBUG] Calling add_log_to_nc for par_id: 0, size: 3068
[DB_WORKER DEBUG] Calling add_log_to_nc for par_id: 2, size: 3008
[DB_WORKER DEBUG] Calling add_log_to_nc for par_id: 1, size: 3015
[DB_WORKER DEBUG] Calling add_log_to_nc for par_id: 0, size: [DB_WORKER DEBUG] Calling add_log_to_nc for par_id: 2, size: 3049
3040
[DB_WORKER DEBUG] Calling add_log_to_nc for par_id: 1, size: 3096
[DB_WORKER DEBUG] Calling add_log_to_nc for par_id: 0, size: 3023
[DB_WORKER DEBUG] Calling add_log_to_nc for par_id: 2, size: 3018
[DB_WORKER DEBUG] Calling add_log_to_nc for par_id: 1, size: 3045
[DB_WORKER DEBUG] Calling add_log_to_nc for par_id: 0, size: 3046
[DB_WORKER DEBUG] Calling add_log_to_nc for par_id: 2, size: 3051
[DB_WORKER DEBUG] Calling add_log_to_nc for par_id: 1, size: 3021
[DB_WORKER DEBUG] Calling add_log_to_nc for par_id: 0, size: 3055
[DB_WORKER DEBUG] Calling add_log_to_nc for par_id: 2, size: 3079
[DB_WORKER DEBUG] Calling add_log_to_nc for par_id: 1, size: 3088
[DB_WORKER DEBUG] Calling add_log_to_nc for par_id: 0, size: 3064
[DB_WORKER DEBUG] Calling add_log_to_nc for par_id: 2, size: 3028
[DB_WORKER DEBUG] Calling add_log_to_nc for par_id: 1, size: 3041
[DB_WORKER DEBUG] Calling add_log_to_nc for par_id: 0, size: 3050
[DB_WORKER DEBUG] Calling add_log_to_nc for par_id: 2, size: 3093
[DB_WORKER DEBUG] Calling add_log_to_nc for par_id: 1, size: 3000
[DB_WORKER DEBUG] Calling add_log_to_nc for par_id: 0, size: 3034
[DB_WORKER DEBUG] Calling add_log_to_nc for par_id: 2, size: 3064
[DB_WORKER DEBUG] Calling add_log_to_nc for par_id: 1, size: 3024
[DB_WORKER DEBUG] Calling add_log_to_nc for par_id: 0, size: 3014
[DB_WORKER DEBUG] Calling add_log_to_nc for par_id: 2, size: 3087
[DB_WORKER DEBUG] Calling add_log_to_nc for par_id: 0, size: 3056
[DB_WORKER DEBUG] Calling add_log_to_nc for par_id: 1, size: 3043
[DB_WORKER DEBUG] Calling add_log_to_nc for par_id: 2, size: 3091
[DB_WORKER DEBUG] Calling add_log_to_nc for par_id: 0, size: 3027
[DB_WORKER DEBUG] Calling add_log_to_nc for par_id: 1, size: 3065
[DB_WORKER DEBUG] Calling add_log_to_nc for par_id: 2, size: 3059
[DB_WORKER DEBUG] Calling add_log_to_nc for par_id: 1, size: 3036
[DB_WORKER DEBUG] Calling add_log_to_nc for par_id: 0, size: 3032
[DB_WORKER DEBUG] Calling add_log_to_nc for par_id: 2, size: 3051
[DB_WORKER DEBUG] Calling add_log_to_nc for par_id: [DB_WORKER DEBUG] Calling add_log_to_nc for par_id: 1, size: 3037
[DB_WORKER DEBUG] Calling add_log_to_nc for par_id: 2, size: 3075
0, size: 3028
[DB_WORKER DEBUG] Calling add_log_to_nc for par_id: 1, size: 3007
[DB_WORKER DEBUG] Calling add_log_to_nc for par_id: 2, size: 3074
[DB_WORKER DEBUG] Calling add_log_to_nc for par_id: 0, size: 3021
[DB_WORKER DEBUG] Calling add_log_to_nc for par_id: 1, size: 3058
[DB_WORKER DEBUG] Calling add_log_to_nc for par_id: 2, size: 3095
[DB_WORKER DEBUG] Calling add_log_to_nc for par_id: 0, size: 3029
[DB_WORKER DEBUG] Calling add_log_to_nc for par_id: 1, size: 3037
[DB_WORKER DEBUG] Calling add_log_to_nc for par_id: 2, size: 3035
[DB_WORKER DEBUG] Calling add_log_to_nc for par_id: 0, size: 3093
[DB_WORKER DEBUG] Calling add_log_to_nc for par_id: 1, size: 3018
[DB_WORKER DEBUG] Calling add_log_to_nc for par_id: 0, size: 3043
[DB_WORKER DEBUG] Calling add_log_to_nc for par_id: 2, size: 3028
[DB_WORKER DEBUG] Calling add_log_to_nc for par_id: 1, size: 3011
[DB_WORKER DEBUG] Calling add_log_to_nc for par_id: 2, size: [DB_WORKER DEBUG] Calling add_log_to_nc for par_id: 0, size: 3029
3028
[DB_WORKER DEBUG] Calling add_log_to_nc for par_id: 1, size: 3076
[DB_WORKER DEBUG] Calling add_log_to_nc for par_id: 0, size: 3004
[DB_WORKER DEBUG] Calling add_log_to_nc for par_id: 2, size: 3043
[DB_WORKER DEBUG] Calling add_log_to_nc for par_id: 1, size: 3063
[DB_WORKER DEBUG] Calling add_log_to_nc for par_id: 0, size: 3013
[DB_WORKER DEBUG] Calling add_log_to_nc for par_id: 2, size: 3038
[DB_WORKER DEBUG] Calling add_log_to_nc for par_id: 1, size: 3006
[DB_WORKER DEBUG] Calling add_log_to_nc for par_id: 0, size: 3040
[DB_WORKER DEBUG] Calling add_log_to_nc for par_id: 2, size: 3004
[DB_WORKER DEBUG] Calling add_log_to_nc for par_id: 1, size: 3018
[DB_WORKER DEBUG] Calling add_log_to_nc for par_id: 0, size: 3028
[DB_WORKER DEBUG] Calling add_log_to_nc for par_id: 1, size: 3088[DB_WORKER DEBUG] Calling add_log_to_nc for par_id: 2, size: 3069

[DB_WORKER DEBUG] Calling add_log_to_nc for par_id: 0, size: 3017
[DB_WORKER DEBUG] Calling add_log_to_nc for par_id: 1, size: 3017
[DB_WORKER DEBUG] Calling add_log_to_nc for par_id: 2, size: 3096
[DB_WORKER DEBUG] Calling add_log_to_nc for par_id: 0, size: 3024
[DB_WORKER DEBUG] Calling add_log_to_nc for par_id: 2, size: 3043
[DB_WORKER DEBUG] Calling add_log_to_nc for par_id: 1, size: 3070
[DB_WORKER DEBUG] Calling add_log_to_nc for par_id: 0, size: 3083
[DB_WORKER DEBUG] Calling add_log_to_nc for par_id: 2, size: 3090
[DB_WORKER DEBUG] Calling add_log_to_nc for par_id: 1, size: 3099
[DB_WORKER DEBUG] Calling add_log_to_nc for par_id: 0, size: 3072
[DB_WORKER DEBUG] Calling add_log_to_nc for par_id: 2, size: 3025
[DB_WORKER DEBUG] Calling add_log_to_nc for par_id: 0, size: 3044
[DB_WORKER DEBUG] Calling add_log_to_nc for par_id: 1, size: 3090
[DB_WORKER DEBUG] Calling add_log_to_nc for par_id: 2, size: 3005
[DB_WORKER DEBUG] Calling add_log_to_nc for par_id: 0, size: 3039
[DB_WORKER DEBUG] Calling add_log_to_nc for par_id: 1, size: 3054
[DB_WORKER DEBUG] Calling add_log_to_nc for par_id: 2, size: 3086
[DB_WORKER DEBUG] Calling add_log_to_nc for par_id: 0, size: 3069
[DB_WORKER DEBUG] Calling add_log_to_nc for par_id: 1, size: 3082
[DB_WORKER DEBUG] Calling add_log_to_nc for par_id: 2, size: 3042
[DB_WORKER DEBUG] Calling add_log_to_nc for par_id: 0, size: 3064
[DB_WORKER DEBUG] Calling add_log_to_nc for par_id: 1, size: 3097
[DB_WORKER DEBUG] Calling add_log_to_nc for par_id: 0, size: 3007
[DB_WORKER DEBUG] Calling add_log_to_nc for par_id: 2, size: 3055
[DB_WORKER DEBUG] Calling add_log_to_nc for par_id: 1, size: 3004
[DB_WORKER DEBUG] Calling add_log_to_nc for par_id: [DB_WORKER DEBUG] Calling add_log_to_nc for par_id: 0, size: 3048
2, size: 3011
[DB_WORKER DEBUG] Calling add_log_to_nc for par_id: 1, size: 3022
[DB_WORKER DEBUG] Calling add_log_to_nc for par_id: 0, size: [DB_WORKER DEBUG] Calling add_log_to_nc for par_id: 23028
, size: 3099
[DB_WORKER DEBUG] Calling add_log_to_nc for par_id: 1, size: 3043
[DB_WORKER DEBUG] Calling add_log_to_nc for par_id: 2, size: 3046
[DB_WORKER DEBUG] Calling add_log_to_nc for par_id: 0, size: 3068
[DB_WORKER DEBUG] Calling add_log_to_nc for par_id: 1, size: 3040
[DB_WORKER DEBUG] Calling add_log_to_nc for par_id: 2, size: 3022
[DB_WORKER DEBUG] Calling add_log_to_nc for par_id: 0, size: 3011
[DB_WORKER DEBUG] Calling add_log_to_nc for par_id: 1, size: 3010
[DB_WORKER DEBUG] Calling add_log_to_nc for par_id: 2, size: 3005
[DB_WORKER DEBUG] Calling add_log_to_nc for par_id: 0, size: 3001
[DB_WORKER DEBUG] Calling add_log_to_nc for par_id: 1, size: 3061
[DB_WORKER DEBUG] Calling add_log_to_nc for par_id: 2, size: 3030
[DB_WORKER DEBUG] Calling add_log_to_nc for par_id: 0, size: 3078
[DB_WORKER DEBUG] Calling add_log_to_nc for par_id: 1, size: 3005
[DB_WORKER DEBUG] Calling add_log_to_nc for par_id: 2, size: 3020
[DB_WORKER DEBUG] Calling add_log_to_nc for par_id: 0, size: 3036
[DB_WORKER DEBUG] Calling add_log_to_nc for par_id: 1[DB_WORKER DEBUG] Calling add_log_to_nc for par_id: 2, size: 3026
[DB_WORKER DEBUG] Calling add_log_to_nc for par_id: 0, size: 3022
, size: 3044
[DB_WORKER DEBUG] Calling add_log_to_nc for par_id: 2, size: 3065
[DB_WORKER DEBUG] Calling add_log_to_nc for par_id: 0, size: 3008
[DB_WORKER DEBUG] Calling add_log_to_nc for par_id: 1, size: 3016
[DB_WORKER DEBUG] Calling add_log_to_nc for par_id: 2, size: 3082
[DB_WORKER DEBUG] Calling add_log_to_nc for par_id: 0, size: 3058
[DB_WORKER DEBUG] Calling add_log_to_nc for par_id: 1, size: 3024
[DB_WORKER DEBUG] Calling add_log_to_nc for par_id: 2, size: 3037
[DB_WORKER DEBUG] Calling add_log_to_nc for par_id: 0, size: 3062
[DB_WORKER DEBUG] Calling add_log_to_nc for par_id: 1, size: 3024
[DB_WORKER DEBUG] Calling add_log_to_nc for par_id: 2, size: 3000
[DB_WORKER DEBUG] Calling add_log_to_nc for par_id: 0, size: 3036
[DB_WORKER DEBUG] Calling add_log_to_nc for par_id: 1, size: 3052
[DB_WORKER DEBUG] Calling add_log_to_nc for par_id: 2, size: 3099
[DB_WORKER DEBUG] Calling add_log_to_nc for par_id: 0, size: 3079
[DB_WORKER DEBUG] Calling add_log_to_nc for par_id: 1, size: 3050
[DB_WORKER DEBUG] Calling add_log_to_nc for par_id: 0, size: 3068
[DB_WORKER DEBUG] Calling add_log_to_nc for par_id: 2, size: 3071
[DB_WORKER DEBUG] Calling add_log_to_nc for par_id: 1, size: 3073
[DB_WORKER DEBUG] Calling add_log_to_nc for par_id: 0, size: 3031
[DB_WORKER DEBUG] Calling add_log_to_nc for par_id: 2, size: 3081
[DB_WORKER DEBUG] Calling add_log_to_nc for par_id: 1, size: 3030
[DB_WORKER DEBUG] Calling add_log_to_nc for par_id: 0, size: 3033
[DB_WORKER DEBUG] Calling add_log_to_nc for par_id: 1, size: 3094
[DB_WORKER DEBUG] Calling add_log_to_nc for par_id: 2, size: 3060
[DB_WORKER DEBUG] Calling add_log_to_nc for par_id: 0, size: 3063
[DB_WORKER DEBUG] Calling add_log_to_nc for par_id: 1, size: 3099
[DB_WORKER DEBUG] Calling add_log_to_nc for par_id: 2, size: 3081
[DB_WORKER DEBUG] Calling add_log_to_nc for par_id: 0, size: 3099
[DB_WORKER DEBUG] Calling add_log_to_nc for par_id: 1, size: 3096
[DB_WORKER DEBUG] Calling add_log_to_nc for par_id: 2, size: 3059
[DB_WORKER DEBUG] Calling add_log_to_nc for par_id: 0, size: 3073[DB_WORKER DEBUG] Calling add_log_to_nc for par_id: 1, size: 3013
[DB_WORKER DEBUG] Calling add_log_to_nc for par_id: 2, size: 3068

[DB_WORKER DEBUG] Calling add_log_to_nc for par_id: 1, size: 3090
[DB_WORKER DEBUG] Calling add_log_to_nc for par_id: 2, size: 3095
[DB_WORKER DEBUG] Calling add_log_to_nc for par_id: 0, size: 3026
[DB_WORKER DEBUG] Calling add_log_to_nc for par_id: 1, size: 3066
[DB_WORKER DEBUG] Calling add_log_to_nc for par_id: 2, size: 3084
[DB_WORKER DEBUG] Calling add_log_to_nc for par_id: 2, size: 3040
I [/home/eriks972/mako/src/deptran/paxos_main_helper.cc:987] 2025-12-14 14:34:11.085 | The number of completed submits n_current: 97 replay_queue: 0 par_id: 0 submit_tot: 101
I [/home/eriks972/mako/src/deptran/paxos_worker.cc:608] 2025-12-14 14:34:11.085 | wait for task, amount: 4 - n_tot: 101, n_current: 97
I [/home/eriks972/mako/src/deptran/paxos_main_helper.cc:993] 2025-12-14 14:34:11.140 | Par_id 0 [partition], the number of completed submits 101 0
I [/home/eriks972/mako/src/deptran/paxos_main_helper.cc:987] 2025-12-14 14:34:11.140 | The number of completed submits n_current: 101 replay_queue: 0 par_id: 1 submit_tot: 101
I [/home/eriks972/mako/src/deptran/paxos_main_helper.cc:993] 2025-12-14 14:34:11.140 | Par_id 1 [partition], the number of completed submits 101 0
I [/home/eriks972/mako/src/deptran/paxos_main_helper.cc:987] 2025-12-14 14:34:11.140 | The number of completed submits n_current: 101 replay_queue: 0 par_id: 2 submit_tot: 101
I [/home/eriks972/mako/src/deptran/paxos_main_helper.cc:993] 2025-12-14 14:34:11.140 | Par_id 2 [partition], the number of completed submits 101 0
I [/home/eriks972/mako/src/deptran/paxos_worker.cc:140] 2025-12-14 14:34:11.140 | Recieved a zero length log
I [/home/eriks972/mako/src/deptran/paxos_worker.cc:140] 2025-12-14 14:34:11.142 | Recieved a zero length log
I [/home/eriks972/mako/src/deptran/paxos_worker.cc:140] 2025-12-14 14:34:11.143 | Recieved a zero length log
I [/home/eriks972/mako/src/deptran/paxos_main_helper.cc:999] 2025-12-14 14:34:15.143 | shutdown Server Control Service after task finish total submit 0
I [/home/eriks972/mako/src/deptran/benchmark_control_rpc.cc:43] 2025-12-14 14:34:15.143 | Shutdown Server Control Service
I [/home/eriks972/mako/src/deptran/benchmark_control_rpc.cc:43] 2025-12-14 14:34:15.143 | Shutdown Server Control Service
I [/home/eriks972/mako/src/deptran/benchmark_control_rpc.cc:43] 2025-12-14 14:34:15.143 | Shutdown Server Control Service
I [/home/eriks972/mako/src/deptran/paxos_main_helper.cc:311] 2025-12-14 14:34:15.201 | all server workers have shut down.
I [/home/eriks972/mako/src/deptran/paxos_worker.cc:288] 2025-12-14 14:34:15.302 | site s101 deleting services, num: 1 0 101 101
I [/home/eriks972/mako/src/deptran/paxos/server.h:47] 2025-12-14 14:34:15.316 | site par 0, loc 0: prepare 0, accept 101, commit 101
I [/home/eriks972/mako/src/deptran/paxos_worker.cc:288] 2025-12-14 14:34:15.317 | site s102 deleting services, num: 1 0 101 101
I [/home/eriks972/mako/src/deptran/paxos/server.h:47] 2025-12-14 14:34:15.324 | site par 1, loc 0: prepare 0, accept 101, commit 101
I [/home/eriks972/mako/src/deptran/paxos_worker.cc:288] 2025-12-14 14:34:15.324 | site s103 deleting services, num: 1 0 101 101
I [/home/eriks972/mako/src/deptran/paxos/server.h:47] 2025-12-14 14:34:15.330 | site par 2, loc 0: prepare 0, accept 101, commit 101
I [/home/eriks972/mako/src/deptran/paxos_worker.cc:649] 2025-12-14 14:34:15.382 | Ending worker with n_tot 101 and n_current 101
I [/home/eriks972/mako/src/deptran/paxos_worker.cc:649] 2025-12-14 14:34:15.400 | Ending worker with n_tot 101 and n_current 101
I [/home/eriks972/mako/src/deptran/paxos_worker.cc:649] 2025-12-14 14:34:15.416 | Ending worker with n_tot 101 and n_current 101
I [/home/eriks972/mako/src/deptran/paxos_main_helper.cc:332] 2025-12-14 14:34:15.432 | exit process.
[localhost committed]: 0(follower/learner), 303(leader), endReceived: 0, leaderEndReceived:3
[[32mPASS[0m] committed logs count verify
